<?xml version="1.0" encoding="UTF-8"?>
<!-- Generated by org.testng.reporters.JUnitReportReporter -->
<testsuite skipped="0" hostname="MDs-MacBook-Air.fios-router.home" name="tests.FandangoHomePage" tests="5" failures="0" timestamp="2019-11-10T18:08:45 EST" time="48.066" errors="0">
  <testcase name="FandangoURL" time="7.104" classname="tests.FandangoHomePage"/>
  <testcase name="FandangoTittleTest" time="7.203" classname="tests.FandangoHomePage"/>
  <testcase name="FandangoLoginTest" time="18.846" classname="tests.FandangoHomePage"/>
  <testcase name="LogoEnableTest" time="7.374" classname="tests.FandangoHomePage"/>
  <testcase name="LogoVisibilityTest" time="7.539" classname="tests.FandangoHomePage"/>
</testsuite> <!-- tests.FandangoHomePage -->
